This is pdfTeX, Version 3.1415926-1.40.10 (TeX Live 2009/Debian) (format=pdflatex 2013.11.13)  17 JUN 2014 13:48
entering extended mode
 %&-line parsing enabled.
**memoria.tex
(./memoria.tex
LaTeX2e <2009/09/24>
Babel <v3.8l> and hyphenation patterns for english, usenglishmax, dumylang, noh
yphenation, farsi, arabic, croatian, bulgarian, ukrainian, russian, czech, slov
ak, danish, dutch, finnish, french, basque, ngerman, german, german-x-2009-06-1
9, ngerman-x-2009-06-19, ibycus, monogreek, greek, ancientgreek, hungarian, san
skrit, italian, latin, latvian, lithuanian, mongolian2a, mongolian, bokmal, nyn
orsk, romanian, irish, coptic, serbian, turkish, welsh, esperanto, uppersorbian
, estonian, indonesian, interlingua, icelandic, kurmanji, slovenian, polish, po
rtuguese, spanish, galician, catalan, swedish, ukenglish, pinyin, loaded.
(/usr/share/texmf-texlive/tex/latex/base/article.cls
Document Class: article 2007/10/19 v1.4h Standard LaTeX document class
(/usr/share/texmf-texlive/tex/latex/base/size12.clo
File: size12.clo 2007/10/19 v1.4h Standard LaTeX file (size option)
)
\c@part=\count79
\c@section=\count80
\c@subsection=\count81
\c@subsubsection=\count82
\c@paragraph=\count83
\c@subparagraph=\count84
\c@figure=\count85
\c@table=\count86
\abovecaptionskip=\skip41
\belowcaptionskip=\skip42
\bibindent=\dimen102
)
(/usr/share/texmf-texlive/tex/latex/base/inputenc.sty
Package: inputenc 2008/03/30 v1.1d Input encoding file
\inpenc@prehook=\toks14
\inpenc@posthook=\toks15

(/usr/share/texmf-texlive/tex/latex/base/utf8.def
File: utf8.def 2008/04/05 v1.1m UTF-8 support for inputenc
Now handling font encoding OML ...
... no UTF-8 mapping file for font encoding OML
Now handling font encoding T1 ...
... processing UTF-8 mapping file for font encoding T1

(/usr/share/texmf-texlive/tex/latex/base/t1enc.dfu
File: t1enc.dfu 2008/04/05 v1.1m UTF-8 support for inputenc
   defining Unicode char U+00A1 (decimal 161)
   defining Unicode char U+00A3 (decimal 163)
   defining Unicode char U+00AB (decimal 171)
   defining Unicode char U+00BB (decimal 187)
   defining Unicode char U+00BF (decimal 191)
   defining Unicode char U+00C0 (decimal 192)
   defining Unicode char U+00C1 (decimal 193)
   defining Unicode char U+00C2 (decimal 194)
   defining Unicode char U+00C3 (decimal 195)
   defining Unicode char U+00C4 (decimal 196)
   defining Unicode char U+00C5 (decimal 197)
   defining Unicode char U+00C6 (decimal 198)
   defining Unicode char U+00C7 (decimal 199)
   defining Unicode char U+00C8 (decimal 200)
   defining Unicode char U+00C9 (decimal 201)
   defining Unicode char U+00CA (decimal 202)
   defining Unicode char U+00CB (decimal 203)
   defining Unicode char U+00CC (decimal 204)
   defining Unicode char U+00CD (decimal 205)
   defining Unicode char U+00CE (decimal 206)
   defining Unicode char U+00CF (decimal 207)
   defining Unicode char U+00D0 (decimal 208)
   defining Unicode char U+00D1 (decimal 209)
   defining Unicode char U+00D2 (decimal 210)
   defining Unicode char U+00D3 (decimal 211)
   defining Unicode char U+00D4 (decimal 212)
   defining Unicode char U+00D5 (decimal 213)
   defining Unicode char U+00D6 (decimal 214)
   defining Unicode char U+00D8 (decimal 216)
   defining Unicode char U+00D9 (decimal 217)
   defining Unicode char U+00DA (decimal 218)
   defining Unicode char U+00DB (decimal 219)
   defining Unicode char U+00DC (decimal 220)
   defining Unicode char U+00DD (decimal 221)
   defining Unicode char U+00DE (decimal 222)
   defining Unicode char U+00DF (decimal 223)
   defining Unicode char U+00E0 (decimal 224)
   defining Unicode char U+00E1 (decimal 225)
   defining Unicode char U+00E2 (decimal 226)
   defining Unicode char U+00E3 (decimal 227)
   defining Unicode char U+00E4 (decimal 228)
   defining Unicode char U+00E5 (decimal 229)
   defining Unicode char U+00E6 (decimal 230)
   defining Unicode char U+00E7 (decimal 231)
   defining Unicode char U+00E8 (decimal 232)
   defining Unicode char U+00E9 (decimal 233)
   defining Unicode char U+00EA (decimal 234)
   defining Unicode char U+00EB (decimal 235)
   defining Unicode char U+00EC (decimal 236)
   defining Unicode char U+00ED (decimal 237)
   defining Unicode char U+00EE (decimal 238)
   defining Unicode char U+00EF (decimal 239)
   defining Unicode char U+00F0 (decimal 240)
   defining Unicode char U+00F1 (decimal 241)
   defining Unicode char U+00F2 (decimal 242)
   defining Unicode char U+00F3 (decimal 243)
   defining Unicode char U+00F4 (decimal 244)
   defining Unicode char U+00F5 (decimal 245)
   defining Unicode char U+00F6 (decimal 246)
   defining Unicode char U+00F8 (decimal 248)
   defining Unicode char U+00F9 (decimal 249)
   defining Unicode char U+00FA (decimal 250)
   defining Unicode char U+00FB (decimal 251)
   defining Unicode char U+00FC (decimal 252)
   defining Unicode char U+00FD (decimal 253)
   defining Unicode char U+00FE (decimal 254)
   defining Unicode char U+00FF (decimal 255)
   defining Unicode char U+0102 (decimal 258)
   defining Unicode char U+0103 (decimal 259)
   defining Unicode char U+0104 (decimal 260)
   defining Unicode char U+0105 (decimal 261)
   defining Unicode char U+0106 (decimal 262)
   defining Unicode char U+0107 (decimal 263)
   defining Unicode char U+010C (decimal 268)
   defining Unicode char U+010D (decimal 269)
   defining Unicode char U+010E (decimal 270)
   defining Unicode char U+010F (decimal 271)
   defining Unicode char U+0110 (decimal 272)
   defining Unicode char U+0111 (decimal 273)
   defining Unicode char U+0118 (decimal 280)
   defining Unicode char U+0119 (decimal 281)
   defining Unicode char U+011A (decimal 282)
   defining Unicode char U+011B (decimal 283)
   defining Unicode char U+011E (decimal 286)
   defining Unicode char U+011F (decimal 287)
   defining Unicode char U+0130 (decimal 304)
   defining Unicode char U+0131 (decimal 305)
   defining Unicode char U+0132 (decimal 306)
   defining Unicode char U+0133 (decimal 307)
   defining Unicode char U+0139 (decimal 313)
   defining Unicode char U+013A (decimal 314)
   defining Unicode char U+013D (decimal 317)
   defining Unicode char U+013E (decimal 318)
   defining Unicode char U+0141 (decimal 321)
   defining Unicode char U+0142 (decimal 322)
   defining Unicode char U+0143 (decimal 323)
   defining Unicode char U+0144 (decimal 324)
   defining Unicode char U+0147 (decimal 327)
   defining Unicode char U+0148 (decimal 328)
   defining Unicode char U+014A (decimal 330)
   defining Unicode char U+014B (decimal 331)
   defining Unicode char U+0150 (decimal 336)
   defining Unicode char U+0151 (decimal 337)
   defining Unicode char U+0152 (decimal 338)
   defining Unicode char U+0153 (decimal 339)
   defining Unicode char U+0154 (decimal 340)
   defining Unicode char U+0155 (decimal 341)
   defining Unicode char U+0158 (decimal 344)
   defining Unicode char U+0159 (decimal 345)
   defining Unicode char U+015A (decimal 346)
   defining Unicode char U+015B (decimal 347)
   defining Unicode char U+015E (decimal 350)
   defining Unicode char U+015F (decimal 351)
   defining Unicode char U+0160 (decimal 352)
   defining Unicode char U+0161 (decimal 353)
   defining Unicode char U+0162 (decimal 354)
   defining Unicode char U+0163 (decimal 355)
   defining Unicode char U+0164 (decimal 356)
   defining Unicode char U+0165 (decimal 357)
   defining Unicode char U+016E (decimal 366)
   defining Unicode char U+016F (decimal 367)
   defining Unicode char U+0170 (decimal 368)
   defining Unicode char U+0171 (decimal 369)
   defining Unicode char U+0178 (decimal 376)
   defining Unicode char U+0179 (decimal 377)
   defining Unicode char U+017A (decimal 378)
   defining Unicode char U+017B (decimal 379)
   defining Unicode char U+017C (decimal 380)
   defining Unicode char U+017D (decimal 381)
   defining Unicode char U+017E (decimal 382)
   defining Unicode char U+200C (decimal 8204)
   defining Unicode char U+2013 (decimal 8211)
   defining Unicode char U+2014 (decimal 8212)
   defining Unicode char U+2018 (decimal 8216)
   defining Unicode char U+2019 (decimal 8217)
   defining Unicode char U+201A (decimal 8218)
   defining Unicode char U+201C (decimal 8220)
   defining Unicode char U+201D (decimal 8221)
   defining Unicode char U+201E (decimal 8222)
   defining Unicode char U+2030 (decimal 8240)
   defining Unicode char U+2031 (decimal 8241)
   defining Unicode char U+2039 (decimal 8249)
   defining Unicode char U+203A (decimal 8250)
   defining Unicode char U+2423 (decimal 9251)
)
Now handling font encoding OT1 ...
... processing UTF-8 mapping file for font encoding OT1

(/usr/share/texmf-texlive/tex/latex/base/ot1enc.dfu
File: ot1enc.dfu 2008/04/05 v1.1m UTF-8 support for inputenc
   defining Unicode char U+00A1 (decimal 161)
   defining Unicode char U+00A3 (decimal 163)
   defining Unicode char U+00B8 (decimal 184)
   defining Unicode char U+00BF (decimal 191)
   defining Unicode char U+00C5 (decimal 197)
   defining Unicode char U+00C6 (decimal 198)
   defining Unicode char U+00D8 (decimal 216)
   defining Unicode char U+00DF (decimal 223)
   defining Unicode char U+00E6 (decimal 230)
   defining Unicode char U+00EC (decimal 236)
   defining Unicode char U+00ED (decimal 237)
   defining Unicode char U+00EE (decimal 238)
   defining Unicode char U+00EF (decimal 239)
   defining Unicode char U+00F8 (decimal 248)
   defining Unicode char U+0131 (decimal 305)
   defining Unicode char U+0141 (decimal 321)
   defining Unicode char U+0142 (decimal 322)
   defining Unicode char U+0152 (decimal 338)
   defining Unicode char U+0153 (decimal 339)
   defining Unicode char U+2013 (decimal 8211)
   defining Unicode char U+2014 (decimal 8212)
   defining Unicode char U+2018 (decimal 8216)
   defining Unicode char U+2019 (decimal 8217)
   defining Unicode char U+201C (decimal 8220)
   defining Unicode char U+201D (decimal 8221)
)
Now handling font encoding OMS ...
... processing UTF-8 mapping file for font encoding OMS

(/usr/share/texmf-texlive/tex/latex/base/omsenc.dfu
File: omsenc.dfu 2008/04/05 v1.1m UTF-8 support for inputenc
   defining Unicode char U+00A7 (decimal 167)
   defining Unicode char U+00B6 (decimal 182)
   defining Unicode char U+00B7 (decimal 183)
   defining Unicode char U+2020 (decimal 8224)
   defining Unicode char U+2021 (decimal 8225)
   defining Unicode char U+2022 (decimal 8226)
)
Now handling font encoding OMX ...
... no UTF-8 mapping file for font encoding OMX
Now handling font encoding U ...
... no UTF-8 mapping file for font encoding U
   defining Unicode char U+00A9 (decimal 169)
   defining Unicode char U+00AA (decimal 170)
   defining Unicode char U+00AE (decimal 174)
   defining Unicode char U+00BA (decimal 186)
   defining Unicode char U+02C6 (decimal 710)
   defining Unicode char U+02DC (decimal 732)
   defining Unicode char U+200C (decimal 8204)
   defining Unicode char U+2026 (decimal 8230)
   defining Unicode char U+2122 (decimal 8482)
   defining Unicode char U+2423 (decimal 9251)
))
(/var/lib/texmf/tex/generic/babel/babel.sty
Package: babel 2008/07/06 v3.8l The Babel package

(/usr/share/texmf-texlive/tex/generic/babel/catalan.ldf
Language: catalan 2005/03/29 v2.2p Catalan support from the babel system

(/usr/share/texmf-texlive/tex/generic/babel/babel.def
File: babel.def 2008/07/06 v3.8l Babel common definitions
\babel@savecnt=\count87
\U@D=\dimen103
)
Package babel Info: Making " an active character on input line 91.
Warning: You are using encoding OT1 instead of T1.
Some word breaks will not be found.
\leftllkern=\dimen104
\rightllkern=\dimen105
\raiselldim=\dimen106
))
(/usr/share/texmf-texlive/tex/latex/ltxmisc/url.sty
\Urlmuskip=\muskip10
Package: url 2006/04/12  ver 3.3  Verb mode for urls, etc.
)
(/usr/share/texmf-texlive/tex/latex/graphics/graphicx.sty
Package: graphicx 1999/02/16 v1.0f Enhanced LaTeX Graphics (DPC,SPQR)

(/usr/share/texmf-texlive/tex/latex/graphics/keyval.sty
Package: keyval 1999/03/16 v1.13 key=value parser (DPC)
\KV@toks@=\toks16
)
(/usr/share/texmf-texlive/tex/latex/graphics/graphics.sty
Package: graphics 2009/02/05 v1.0o Standard LaTeX Graphics (DPC,SPQR)

(/usr/share/texmf-texlive/tex/latex/graphics/trig.sty
Package: trig 1999/03/16 v1.09 sin cos tan (DPC)
)
(/etc/texmf/tex/latex/config/graphics.cfg
File: graphics.cfg 2009/08/28 v1.8 graphics configuration of TeX Live
)
Package graphics Info: Driver file: pdftex.def on input line 91.

(/usr/share/texmf-texlive/tex/latex/pdftex-def/pdftex.def
File: pdftex.def 2010/03/12 v0.04p Graphics/color for pdfTeX
\Gread@gobject=\count88
))
\Gin@req@height=\dimen107
\Gin@req@width=\dimen108
)
(/usr/share/texmf-texlive/tex/latex/hyperref/hyperref.sty
Package: hyperref 2009/10/09 v6.79a Hypertext links for LaTeX

(/usr/share/texmf-texlive/tex/generic/oberdiek/ifpdf.sty
Package: ifpdf 2009/04/10 v2.0 Provides the ifpdf switch (HO)
Package ifpdf Info: pdfTeX in pdf mode detected.
)
(/usr/share/texmf-texlive/tex/generic/oberdiek/ifvtex.sty
Package: ifvtex 2008/11/04 v1.4 Switches for detecting VTeX and its modes (HO)
Package ifvtex Info: VTeX not detected.
)
(/usr/share/texmf-texlive/tex/generic/ifxetex/ifxetex.sty
Package: ifxetex 2009/01/23 v0.5 Provides ifxetex conditional
)
(/usr/share/texmf-texlive/tex/latex/oberdiek/hycolor.sty
Package: hycolor 2009/10/02 v1.5 Code for color options of hyperref/bookmark (H
O)

(/usr/share/texmf-texlive/tex/latex/oberdiek/xcolor-patch.sty
Package: xcolor-patch 2009/10/02 xcolor patch
))
\@linkdim=\dimen109
\Hy@linkcounter=\count89
\Hy@pagecounter=\count90

(/usr/share/texmf-texlive/tex/latex/hyperref/pd1enc.def
File: pd1enc.def 2009/10/09 v6.79a Hyperref: PDFDocEncoding definition (HO)
Now handling font encoding PD1 ...
... no UTF-8 mapping file for font encoding PD1
)
(/usr/share/texmf-texlive/tex/generic/oberdiek/etexcmds.sty
Package: etexcmds 2007/12/12 v1.2 Prefix for e-TeX command names (HO)

(/usr/share/texmf-texlive/tex/generic/oberdiek/infwarerr.sty
Package: infwarerr 2007/09/09 v1.2 Providing info/warning/message (HO)
)
Package etexcmds Info: Could not find \expanded.
(etexcmds)             That can mean that you are not using pdfTeX 1.50 or
(etexcmds)             that some package has redefined \expanded.
(etexcmds)             In the latter case, load this package earlier.
)
(/usr/share/texmf-texlive/tex/latex/latexconfig/hyperref.cfg
File: hyperref.cfg 2002/06/06 v1.2 hyperref configuration of TeXLive
)
(/usr/share/texmf-texlive/tex/latex/oberdiek/kvoptions.sty
Package: kvoptions 2009/08/13 v3.4 Keyval support for LaTeX options (HO)

(/usr/share/texmf-texlive/tex/generic/oberdiek/kvsetkeys.sty
Package: kvsetkeys 2009/07/30 v1.5 Key value parser with default handler suppor
t (HO)
))
Package hyperref Info: Option `final' set `true' on input line 2864.
Package hyperref Info: Hyper figures OFF on input line 2975.
Package hyperref Info: Link nesting OFF on input line 2980.
Package hyperref Info: Hyper index ON on input line 2983.
Package hyperref Info: Plain pages OFF on input line 2990.
Package hyperref Info: Backreferencing OFF on input line 2995.

Implicit mode ON; LaTeX internals redefined
Package hyperref Info: Bookmarks ON on input line 3191.
LaTeX Info: Redefining \url on input line 3428.
(/usr/share/texmf-texlive/tex/generic/oberdiek/bitset.sty
Package: bitset 2007/09/28 v1.0 Data type bit set (HO)

(/usr/share/texmf-texlive/tex/generic/oberdiek/intcalc.sty
Package: intcalc 2007/09/27 v1.1 Expandable integer calculations (HO)
)
(/usr/share/texmf-texlive/tex/generic/oberdiek/bigintcalc.sty
Package: bigintcalc 2007/11/11 v1.1 Expandable big integer calculations (HO)

(/usr/share/texmf-texlive/tex/generic/oberdiek/pdftexcmds.sty
Package: pdftexcmds 2009/09/23 v0.6 LuaTeX support for pdfTeX utility functions
 (HO)

(/usr/share/texmf-texlive/tex/generic/oberdiek/ifluatex.sty
Package: ifluatex 2009/04/17 v1.2 Provides the ifluatex switch (HO)
Package ifluatex Info: LuaTeX not detected.
)
(/usr/share/texmf-texlive/tex/generic/oberdiek/ltxcmds.sty
Package: ltxcmds 2009/08/05 v1.0 Some LaTeX kernel commands for general use (HO
)
)
Package pdftexcmds Info: LuaTeX not detected.
Package pdftexcmds Info: \pdf@primitive is available.
Package pdftexcmds Info: \pdf@ifprimitive is available.
)))
\Fld@menulength=\count91
\Field@Width=\dimen110
\Fld@charsize=\dimen111
\Field@toks=\toks17
Package hyperref Info: Hyper figures OFF on input line 4377.
Package hyperref Info: Link nesting OFF on input line 4382.
Package hyperref Info: Hyper index ON on input line 4385.
Package hyperref Info: backreferencing OFF on input line 4392.
Package hyperref Info: Link coloring OFF on input line 4397.
Package hyperref Info: Link coloring with OCG OFF on input line 4402.
Package hyperref Info: PDF/A mode OFF on input line 4407.

(/usr/share/texmf-texlive/tex/generic/oberdiek/atbegshi.sty
Package: atbegshi 2008/07/31 v1.9 At begin shipout hook (HO)
)
\Hy@abspage=\count92
\c@Item=\count93
\c@Hfootnote=\count94
)
*hyperref using default driver hpdftex*
(/usr/share/texmf-texlive/tex/latex/hyperref/hpdftex.def
File: hpdftex.def 2009/10/09 v6.79a Hyperref driver for pdfTeX
\Fld@listcount=\count95
)
(/usr/share/texmf-texlive/tex/latex/amsmath/amsmath.sty
Package: amsmath 2000/07/18 v2.13 AMS math features
\@mathmargin=\skip43

For additional information on amsmath, use the `?' option.
(/usr/share/texmf-texlive/tex/latex/amsmath/amstext.sty
Package: amstext 2000/06/29 v2.01

(/usr/share/texmf-texlive/tex/latex/amsmath/amsgen.sty
File: amsgen.sty 1999/11/30 v2.0
\@emptytoks=\toks18
\ex@=\dimen112
))
(/usr/share/texmf-texlive/tex/latex/amsmath/amsbsy.sty
Package: amsbsy 1999/11/29 v1.2d
\pmbraise@=\dimen113
)
(/usr/share/texmf-texlive/tex/latex/amsmath/amsopn.sty
Package: amsopn 1999/12/14 v2.01 operator names
)
\inf@bad=\count96
LaTeX Info: Redefining \frac on input line 211.
\uproot@=\count97
\leftroot@=\count98
LaTeX Info: Redefining \overline on input line 307.
\classnum@=\count99
\DOTSCASE@=\count100
LaTeX Info: Redefining \ldots on input line 379.
LaTeX Info: Redefining \dots on input line 382.
LaTeX Info: Redefining \cdots on input line 467.
\Mathstrutbox@=\box26
\strutbox@=\box27
\big@size=\dimen114
LaTeX Font Info:    Redeclaring font encoding OML on input line 567.
LaTeX Font Info:    Redeclaring font encoding OMS on input line 568.
\macc@depth=\count101
\c@MaxMatrixCols=\count102
\dotsspace@=\muskip11
\c@parentequation=\count103
\dspbrk@lvl=\count104
\tag@help=\toks19
\row@=\count105
\column@=\count106
\maxfields@=\count107
\andhelp@=\toks20
\eqnshift@=\dimen115
\alignsep@=\dimen116
\tagshift@=\dimen117
\tagwidth@=\dimen118
\totwidth@=\dimen119
\lineht@=\dimen120
\@envbody=\toks21
\multlinegap=\skip44
\multlinetaggap=\skip45
\mathdisplay@stack=\toks22
LaTeX Info: Redefining \[ on input line 2666.
LaTeX Info: Redefining \] on input line 2667.
)
(/usr/share/texmf-texlive/tex/latex/amsfonts/amssymb.sty
Package: amssymb 2009/06/22 v3.00

(/usr/share/texmf-texlive/tex/latex/amsfonts/amsfonts.sty
Package: amsfonts 2009/06/22 v3.00 Basic AMSFonts support
\symAMSa=\mathgroup4
\symAMSb=\mathgroup5
LaTeX Font Info:    Overwriting math alphabet `\mathfrak' in version `bold'
(Font)                  U/euf/m/n --> U/euf/b/n on input line 96.
))
(/usr/share/texmf-texlive/tex/latex/amscls/amsthm.sty
Package: amsthm 2004/08/06 v2.20
\thm@style=\toks23
\thm@bodyfont=\toks24
\thm@headfont=\toks25
\thm@notefont=\toks26
\thm@headpunct=\toks27
\thm@preskip=\skip46
\thm@postskip=\skip47
\thm@headsep=\skip48
\dth@everypar=\toks28
)
(/usr/share/texmf-texlive/tex/latex/amsmath/amscd.sty
Package: amscd 1999/11/29 v1.2d
\athelp@=\toks29
\minaw@=\dimen121
\bigaw@=\dimen122
\minCDarrowwidth=\dimen123
)
(/usr/share/texmf-texlive/tex/latex/setspace/setspace.sty
Package: setspace 2000/12/01 6.7 Contributed and Supported LaTeX2e package

Package: `setspace' 6.7 <2000/12/01>
) (/usr/share/texmf-texlive/tex/latex/multirow/multirow.sty
\bigstrutjot=\dimen124
)
(/usr/share/texmf-texlive/tex/latex/caption/caption.sty
Package: caption 2009/10/09 v3.1k Customizing captions (AR)

(/usr/share/texmf-texlive/tex/latex/caption/caption3.sty
Package: caption3 2009/10/09 v3.1k caption3 kernel (AR)
\captionmargin=\dimen125
\captionmargin@=\dimen126
\captionwidth=\dimen127
\caption@indent=\dimen128
\caption@parindent=\dimen129
\caption@hangindent=\dimen130
)
\c@ContinuedFloat=\count108
Package caption Info: hyperref package is loaded.
)
(/usr/share/texmf-texlive/tex/latex/caption/subcaption.sty
Package: subcaption 2008/08/31 v1.0b Adding subcaptions (AR)
\c@subfigure=\count109
\c@subtable=\count110
)
(/usr/share/texmf-texlive/tex/latex/ltxmisc/framed.sty
Package: framed 2007/10/04 v 0.95: framed or shaded text with page breaks
\fb@frw=\dimen131
\fb@frh=\dimen132
\FrameRule=\dimen133
\FrameSep=\dimen134
)
(/usr/share/texmf-texlive/tex/latex/easylist/easylist.sty
Package: easylist 2009/01/06 v.1.2 Numbered items with a single command.
\el@CounterTotal=\count111
\el@Scratch=\count112
\el@ControlCounter=\count113
\el@CounterLevel=\count114
\c@List1=\count115
\c@List2=\count116
\c@List3=\count117
\c@List4=\count118
\c@List5=\count119
\c@List6=\count120
\c@List7=\count121
\c@List8=\count122
\c@List9=\count123
\c@List10=\count124
\el@ProgressiveDimension=\dimen135
\el@CounterBox=\box28
\el@ControlBox=\box29
\el@TotalMargin=\dimen136
\el@LeftMove=\dimen137
)
(/usr/share/texmf-texlive/tex/latex/oberdiek/epstopdf.sty
Package: epstopdf 2009/10/17 v2.4 Conversion with epstopdf on the fly (HO)

(/usr/share/texmf-texlive/tex/latex/oberdiek/epstopdf-base.sty
Package: epstopdf-base 2009/10/17 v2.4 Base part for package epstopdf

(/usr/share/texmf-texlive/tex/latex/oberdiek/grfext.sty
Package: grfext 2007/09/30 v1.0 Managing graphics extensions (HO)
)

Package epstopdf Warning: Shell escape feature is not enabled.

Package grfext Info: Graphics extension search list:
(grfext)             [.png,.pdf,.jpg,.mps,.jpeg,.jbig2,.jb2,.PNG,.PDF,.JPG,.JPE
G,.JBIG2,.JB2,.eps]
(grfext)             \AppendGraphicsExtensions on input line 433.
(/usr/share/texmf-texlive/tex/latex/latexconfig/epstopdf-sys.cfg
File: epstopdf-sys.cfg 2009/10/26 v1.1 Configuration of epstopdf for TeX Live
)))
(/usr/share/texmf-texlive/tex/latex/tools/array.sty
Package: array 2008/09/09 v2.4c Tabular extension package (FMi)
\col@sep=\dimen138
\extrarowheight=\dimen139
\NC@list=\toks30
\extratabsurround=\skip49
\backup@length=\skip50
)
(/usr/share/texmf-texlive/tex/latex/tabulary/tabulary.sty
Package: tabulary 2008/12/01 v0.9 tabulary package (DPC)
\TY@count=\count125
\TY@linewidth=\dimen140
\tymin=\dimen141
\tymax=\dimen142
\TY@tablewidth=\dimen143
)
(/usr/share/texmf-texlive/tex/latex/float/float.sty
Package: float 2001/11/08 v1.3d Float enhancements (AL)
\c@float@type=\count126
\float@exts=\toks31
\float@box=\box30
\@float@everytoks=\toks32
\@floatcapt=\box31
)
(/usr/share/texmf-texlive/tex/latex/geometry/geometry.sty
Package: geometry 2008/12/21 v4.2 Page Geometry
\Gm@cnth=\count127
\Gm@cntv=\count128
\c@Gm@tempcnt=\count129
\Gm@bindingoffset=\dimen144
\Gm@wd@mp=\dimen145
\Gm@odd@mp=\dimen146
\Gm@even@mp=\dimen147
\Gm@dimlist=\toks33

(/usr/share/texmf-texlive/tex/xelatex/xetexconfig/geometry.cfg))
(/usr/share/texmf-texlive/tex/latex/appendix/appendix.sty
Package: appendix 2009/09/02 v1.2b extra appendix facilities
\c@@pps=\count130
\c@@ppsavesec=\count131
\c@@ppsaveapp=\count132
)
\@indexfile=\write3
\openout3 = `memoria.idx'.


Writing index file memoria.idx
(/usr/share/texmf-texlive/tex/latex/wrapfig/wrapfig.sty
\wrapoverhang=\dimen148
\WF@size=\dimen149
\c@WF@wrappedlines=\count133
\WF@box=\box32
\WF@everypar=\toks34
Package: wrapfig 2003/01/31  v 3.6
)
(/usr/share/texmf-texlive/tex/latex/fancyhdr/fancyhdr.sty
\fancy@headwidth=\skip51
\f@ncyO@elh=\skip52
\f@ncyO@erh=\skip53
\f@ncyO@olh=\skip54
\f@ncyO@orh=\skip55
\f@ncyO@elf=\skip56
\f@ncyO@erf=\skip57
\f@ncyO@olf=\skip58
\f@ncyO@orf=\skip59
)
(/usr/share/texmf-texlive/tex/latex/natbib/natbib.sty
Package: natbib 2009/07/16 8.31 (PWD, AO)
\bibhang=\skip60
\bibsep=\skip61
LaTeX Info: Redefining \cite on input line 694.
\c@NAT@ctr=\count134
)
(/usr/share/texmf-texlive/tex/latex/listings/listings.sty
\lst@mode=\count135
\lst@gtempboxa=\box33
\lst@token=\toks35
\lst@length=\count136
\lst@currlwidth=\dimen150
\lst@column=\count137
\lst@pos=\count138
\lst@lostspace=\dimen151
\lst@width=\dimen152
\lst@newlines=\count139
\lst@lineno=\count140
\lst@maxwidth=\dimen153

(/usr/share/texmf-texlive/tex/latex/listings/lstmisc.sty
File: lstmisc.sty 2007/02/22 1.4 (Carsten Heinz)
\c@lstnumber=\count141
\lst@skipnumbers=\count142
\lst@framebox=\box34
)
(/usr/share/texmf-texlive/tex/latex/listings/listings.cfg
File: listings.cfg 2007/02/22 1.4 listings configuration
))
Package: listings 2007/02/22 1.4 (Carsten Heinz)

(/usr/share/texmf-texlive/tex/latex/graphics/color.sty
Package: color 2005/11/14 v1.0j Standard LaTeX Color (DPC)

(/etc/texmf/tex/latex/config/color.cfg
File: color.cfg 2007/01/18 v1.5 color configuration of teTeX/TeXLive
)
Package color Info: Driver file: pdftex.def on input line 130.
)
(/usr/share/texmf-texlive/tex/latex/listings/lstlang1.sty
File: lstlang1.sty 2004/09/05 1.3 listings language file
) (./memoria.aux)
\openout1 = `memoria.aux'.

LaTeX Font Info:    Checking defaults for OML/cmm/m/it on input line 84.
LaTeX Font Info:    ... okay on input line 84.
LaTeX Font Info:    Checking defaults for T1/cmr/m/n on input line 84.
LaTeX Font Info:    ... okay on input line 84.
LaTeX Font Info:    Checking defaults for OT1/cmr/m/n on input line 84.
LaTeX Font Info:    ... okay on input line 84.
LaTeX Font Info:    Checking defaults for OMS/cmsy/m/n on input line 84.
LaTeX Font Info:    ... okay on input line 84.
LaTeX Font Info:    Checking defaults for OMX/cmex/m/n on input line 84.
LaTeX Font Info:    ... okay on input line 84.
LaTeX Font Info:    Checking defaults for U/cmr/m/n on input line 84.
LaTeX Font Info:    ... okay on input line 84.
LaTeX Font Info:    Checking defaults for PD1/pdf/m/n on input line 84.
LaTeX Font Info:    ... okay on input line 84.
LaTeX Info: Redefining \l on input line 84.
LaTeX Info: Redefining \L on input line 84.

(/usr/share/texmf-texlive/tex/context/base/supp-pdf.mkii
[Loading MPS to PDF converter (version 2006.09.02).]
\scratchcounter=\count143
\scratchdimen=\dimen154
\scratchbox=\box35
\nofMPsegments=\count144
\nofMParguments=\count145
\everyMPshowfont=\toks36
\MPscratchCnt=\count146
\MPscratchDim=\dimen155
\MPnumerator=\count147
\everyMPtoPDFconversion=\toks37
)
Package hyperref Info: Link coloring OFF on input line 84.
 (/usr/share/texmf-texlive/tex/latex/hyperref/nameref.sty
Package: nameref 2007/05/29 v2.31 Cross-referencing by name of section

(/usr/share/texmf-texlive/tex/latex/oberdiek/refcount.sty
Package: refcount 2008/08/11 v3.1 Data extraction from references (HO)
)
\c@section@level=\count148
)
LaTeX Info: Redefining \ref on input line 84.
LaTeX Info: Redefining \pageref on input line 84.
 (./memoria.out)
(./memoria.out)
\@outlinefile=\write4
\openout4 = `memoria.out'.

\AtBeginShipoutBox=\box36
Package caption Info: Begin \AtBeginDocument code.
Package caption Info: float package is loaded.
Package caption Info: listings package is loaded.
Package caption Info: wrapfig package is loaded.
Package caption Info: End \AtBeginDocument code.

*geometry auto-detecting driver*
*geometry detected driver: pdftex*
-------------------- Geometry parameters
paper: a4paper
landscape: --
twocolumn: --
twoside: true
asymmetric: --
h-parts: 71.13188pt, 455.24411pt, 71.13188pt
v-parts: 71.13188pt, 702.78308pt, 71.13188pt
hmarginratio: --
vmarginratio: --
lines: --
heightrounded: --
bindingoffset: 0.0pt
truedimen: --
includehead: --
includefoot: --
includemp: --
driver: pdftex
-------------------- Page layout dimensions and switches
\paperwidth  597.50787pt
\paperheight 845.04684pt
\textwidth  455.24411pt
\textheight 690.0pt
\oddsidemargin  -1.1381pt
\evensidemargin -1.1381pt
\topmargin  -38.1381pt
\headheight 15.0pt
\headsep    25.0pt
\footskip   60.0pt
\marginparwidth 85.0pt
\marginparsep   10.0pt
\columnsep  10.0pt
\skip\footins  10.8pt plus 4.0pt minus 2.0pt
\hoffset 0.0pt
\voffset 0.0pt
\mag 1000
\@twosidetrue \@mparswitchtrue 
(1in=72.27pt, 1cm=28.45pt)
-----------------------
\c@lstlisting=\count149
LaTeX Font Info:    Try loading font information for U+msa on input line 87.
(/usr/share/texmf-texlive/tex/latex/amsfonts/umsa.fd
File: umsa.fd 2009/06/22 v3.00 AMS symbols A
)
LaTeX Font Info:    Try loading font information for U+msb on input line 87.

(/usr/share/texmf-texlive/tex/latex/amsfonts/umsb.fd
File: umsb.fd 2009/06/22 v3.00 AMS symbols B
) [1

{/var/lib/texmf/fonts/map/pdftex/updmap/pdftex.map}] [2]

pdfTeX warning: pdflatex (file ./images/etseib.pdf): PDF inclusion: found PDF v
ersion <1.5>, but at most version <1.4> allowed
<images/etseib.pdf, id=205, 216.81pt x 283.459pt>
File: images/etseib.pdf Graphic file (type pdf)
 <use images/etseib.pdf>

Package Fancyhdr Warning: \footskip is too small (60.0pt): 
 Make it at least 65.19418pt.
 We now make it that large for the rest of the document.
 This may cause the page layout to be inconsistent, however.

pdfTeX warning (ext4): destination with the same identifier (name{page.1}) has 
been already used, duplicate ignored
<to be read again> 
                   \relax 
l.101 \newpage
               [1

 <./images/etseib.pdf>]
File: images/etseib.pdf Graphic file (type pdf)
 <use images/etseib.pdf>pdfTeX warning (ext4): destination with the same identi
fier (name{page.2}) has been already used, duplicate ignored
<to be read again> 
                   \relax 
l.102 \cleardoublepage
                       [2

] (./memoria.toc
File: images/etseib.pdf Graphic file (type pdf)
 <use images/etseib.pdf> [3])
\tf@toc=\write5
\openout5 = `memoria.toc'.

File: images/etseib.pdf Graphic file (type pdf)

<use images/etseib.pdf> [4] (./memoria.lof
File: images/etseib.pdf Graphic file (type pdf)
 <use images/etseib.pdf> [5])
\tf@lof=\write6
\openout6 = `memoria.lof'.

File: images/etseib.pdf Graphic file (type pdf)

<use images/etseib.pdf> [6] (./memoria.lot)
\tf@lot=\write7
\openout7 = `memoria.lot'.

File: images/etseib.pdf Graphic file (type pdf)
 <use images/etseib.pdf> [7]
LaTeX Font Info:    Try loading font information for OMS+cmr on input line 132.


(/usr/share/texmf-texlive/tex/latex/base/omscmr.fd
File: omscmr.fd 1999/05/25 v2.5h Standard LaTeX font definitions
)
LaTeX Font Info:    Font shape `OMS/cmr/m/n' in size <12> not available
(Font)              Font shape `OMS/cmsy/m/n' tried instead on input line 132.
File: images/etseib.pdf Graphic file (type pdf)
 <use images/etseib.pdf>
[8] <images/kuka.jpg, id=387, 96.36pt x 64.0794pt>
File: images/kuka.jpg Graphic file (type jpg)
 <use images/kuka.jpg>
File: images/etseib.pdf Graphic file (type pdf)

<use images/etseib.pdf> [9 <./images/kuka.jpg>]
<images/Wildcat.jpg, id=408, 642.4pt x 354.32375pt>
File: images/Wildcat.jpg Graphic file (type jpg)
 <use images/Wildcat.jpg>
File: images/etseib.pdf Graphic file (type pdf)

<use images/etseib.pdf> [10 <./images/Wildcat.jpg>]
File: images/etseib.pdf Graphic file (type pdf)
 <use images/etseib.pdf>
[11] <images/ers7lrg.jpg, id=448, 909.3975pt x 990.70125pt>
File: images/ers7lrg.jpg Graphic file (type jpg)

<use images/ers7lrg.jpg>
File: images/etseib.pdf Graphic file (type pdf)
 <use images/etseib.pdf> [12]
File: images/etseib.pdf Graphic file (type pdf)
 <use images/etseib.pdf>
[13 <./images/ers7lrg.jpg>]

pdfTeX warning: pdflatex (file ./images/openrarch.pdf): PDF inclusion: found PD
F version <1.5>, but at most version <1.4> allowed
<images/openrarch.pdf, id=463, 256.07481pt x 142.26378pt>
File: images/openrarch.pdf Graphic file (type pdf)

<use images/openrarch.pdf>

LaTeX Warning: `!h' float specifier changed to `!ht'.

File: images/etseib.pdf Graphic file (type pdf)
<use images/etseib.pdf> [14]

pdfTeX warning: pdflatex (file ./images/ObjectCom.pdf): PDF inclusion: found PD
F version <1.5>, but at most version <1.4> allowed
<images/ObjectCom.pdf, id=477, 789.34903pt x 326.821pt>
File: images/ObjectCom.pdf Graphic file (type pdf)

<use images/ObjectCom.pdf>

LaTeX Warning: `!h' float specifier changed to `!ht'.

File: images/etseib.pdf Graphic file (type pdf)
<use images/etseib.pdf> [15 <./images/openrarch.pdf>]
File: images/etseib.pdf Graphic file (type pdf)
 <use images/etseib.pdf>
[16 <./images/ObjectCom.pdf>]

pdfTeX warning: pdflatex (file ./images/tekk.pdf): PDF inclusion: found PDF ver
sion <1.5>, but at most version <1.4> allowed
<images/tekk.pdf, id=515, 256.07481pt x 142.26378pt>
File: images/tekk.pdf Graphic file (type pdf)
 <use images/tekk.pdf>

pdfTeX warning: pdflatex (file ./images/tekkotsuarch.pdf): PDF inclusion: found
 PDF version <1.5>, but at most version <1.4> allowed
<images/tekkotsuarch.pdf, id=521, 1284.8pt x 963.6pt>
File: images/tekkotsuarch.pdf Graphic file (type pdf)

<use images/tekkotsuarch.pdf>

LaTeX Warning: `!h' float specifier changed to `!ht'.

File: images/etseib.pdf Graphic file (type pdf)
<use images/etseib.pdf> [17 <./images/tekk.pdf>]

pdfTeX warning: pdflatex (file ./images/urbiarc.pdf): PDF inclusion: found PDF 
version <1.5>, but at most version <1.4> allowed
<images/urbiarc.pdf, id=542, 256.07481pt x 142.26378pt>
File: images/urbiarc.pdf Graphic file (type pdf)

<use images/urbiarc.pdf>
File: images/etseib.pdf Graphic file (type pdf)
 <use images/etseib.pdf> [18 <./images/tekkotsuarch.pdf> <./images/urbiarc.pdf>
]
File: images/etseib.pdf Graphic file (type pdf)
 <use images/etseib.pdf> [19]
Underfull \hbox (badness 1960) in paragraph at lines 411--411
[]|\OT1/cmr/m/n/12 Dificultat de pro-gra-ma-ci^^So
 []


Underfull \hbox (badness 10000) in paragraph at lines 411--411
[]|\OT1/cmr/m/n/12 Windows/
 []


Underfull \hbox (badness 1960) in paragraph at lines 411--411
[]|\OT1/cmr/m/n/12 Dificultat de pro-gra-ma-ci^^So
 []


Underfull \hbox (badness 10000) in paragraph at lines 411--411
[]|\OT1/cmr/m/n/12 Windows/
 []

File: images/etseib.pdf Graphic file (type pdf)
<use images/etseib.pdf> [20

]

pdfTeX warning: pdflatex (file ./images/telnet.pdf): PDF inclusion: found PDF v
ersion <1.5>, but at most version <1.4> allowed
<images/telnet.pdf, id=580, 578.16pt x 390.25798pt>
File: images/telnet.pdf Graphic file (type pdf)
 <use images/telnet.pdf>
File: images/etseib.pdf Graphic file (type pdf)

<use images/etseib.pdf> [21]
File: images/etseib.pdf Graphic file (type pdf)
 <use images/etseib.pdf> [22 <./images/telnet.pdf>]

pdfTeX warning: pdflatex (file ./images/OnelegC++Box.pdf): PDF inclusion: found
 PDF version <1.5>, but at most version <1.4> allowed
<images/OnelegC++Box.pdf, id=599, 791.78935pt x 347.04506pt>
File: images/OnelegC++Box.pdf Graphic file (type pdf)

<use images/OnelegC++Box.pdf>

pdfTeX warning: pdflatex (file ./images/OneLegPythonBox.pdf): PDF inclusion: fo
und PDF version <1.5>, but at most version <1.4> allowed
<images/OneLegPythonBox.pdf, id=601, 791.95876pt x 347.04657pt>
File: images/OneLegPythonBox.pdf Graphic file (type pdf)

<use images/OneLegPythonBox.pdf>
File: images/etseib.pdf Graphic file (type pdf)
 <use images/etseib.pdf> [23 <./images/OnelegC++Box.pdf> <./images/OneLegPython
Box.pdf>]

pdfTeX warning: pdflatex (file ./images/mitjanesOneLeg.pdf): PDF inclusion: fou
nd PDF version <1.5>, but at most version <1.4> allowed
<images/mitjanesOneLeg.pdf, id=618, 347.80954pt x 240.15096pt>
File: images/mitjanesOneLeg.pdf Graphic file (type pdf)

<use images/mitjanesOneLeg.pdf>

pdfTeX warning: pdflatex (file ./images/DevOneLeg.pdf): PDF inclusion: found PD
F version <1.5>, but at most version <1.4> allowed
<images/DevOneLeg.pdf, id=620, 350.05782pt x 242.40562pt>
File: images/DevOneLeg.pdf Graphic file (type pdf)

<use images/DevOneLeg.pdf>
File: images/etseib.pdf Graphic file (type pdf)
 <use images/etseib.pdf> [24 <./images/mitjanesOneLeg.pdf> <./images/DevOneLeg.
pdf>]

pdfTeX warning: pdflatex (file ./images/MinOneLeg.pdf): PDF inclusion: found PD
F version <1.5>, but at most version <1.4> allowed
<images/MinOneLeg.pdf, id=641, 351.56343pt x 241.65282pt>
File: images/MinOneLeg.pdf Graphic file (type pdf)

<use images/MinOneLeg.pdf>

pdfTeX warning: pdflatex (file ./images/JointC++Box.pdf): PDF inclusion: found 
PDF version <1.5>, but at most version <1.4> allowed
<images/JointC++Box.pdf, id=645, 791.78935pt x 347.04506pt>
File: images/JointC++Box.pdf Graphic file (type pdf)

<use images/JointC++Box.pdf>

pdfTeX warning: pdflatex (file ./images/JointsPythonBox.pdf): PDF inclusion: fo
und PDF version <1.5>, but at most version <1.4> allowed
<images/JointsPythonBox.pdf, id=647, 791.78935pt x 347.04506pt>
File: images/JointsPythonBox.pdf Graphic file (type pdf)

<use images/JointsPythonBox.pdf>
Underfull \vbox (badness 10000) has occurred while \output is active []

File: images/etseib.pdf Graphic file (type pdf)

<use images/etseib.pdf> [25 <./images/MinOneLeg.pdf>]

pdfTeX warning: pdflatex (file ./images/MitJoint.pdf): PDF inclusion: found PDF
 version <1.5>, but at most version <1.4> allowed
<images/MitJoint.pdf, id=661, 347.80954pt x 240.15096pt>
File: images/MitJoint.pdf Graphic file (type pdf)

<use images/MitJoint.pdf>

pdfTeX warning: pdflatex (file ./images/DevJoint.pdf): PDF inclusion: found PDF
 version <1.5>, but at most version <1.4> allowed
<images/DevJoint.pdf, id=663, 350.81062pt x 241.65282pt>
File: images/DevJoint.pdf Graphic file (type pdf)

<use images/DevJoint.pdf>
Underfull \vbox (badness 10000) has occurred while \output is active []

File: images/etseib.pdf Graphic file (type pdf)

<use images/etseib.pdf> [26 <./images/JointC++Box.pdf> <./images/JointsPythonBo
x.pdf>]

pdfTeX warning: pdflatex (file ./images/MinJoint.pdf): PDF inclusion: found PDF
 version <1.5>, but at most version <1.4> allowed
<images/MinJoint.pdf, id=677, 353.82187pt x 245.41687pt>
File: images/MinJoint.pdf Graphic file (type pdf)

<use images/MinJoint.pdf>

LaTeX Warning: `!h' float specifier changed to `!ht'.



pdfTeX warning: pdflatex (file ./images/sin1H.pdf): PDF inclusion: found PDF ve
rsion <1.5>, but at most version <1.4> allowed
<images/sin1H.pdf, id=682, 1284.8pt x 963.6pt>
File: images/sin1H.pdf Graphic file (type pdf)
 <use images/sin1H.pdf>
Underfull \vbox (badness 10000) has occurred while \output is active []

File: images/etseib.pdf Graphic file (type pdf)

<use images/etseib.pdf> [27 <./images/MitJoint.pdf> <./images/DevJoint.pdf>]

pdfTeX warning: pdflatex (file ./images/sin2H.pdf): PDF inclusion: found PDF ve
rsion <1.5>, but at most version <1.4> allowed
<images/sin2H.pdf, id=702, 1284.8pt x 963.6pt>
File: images/sin2H.pdf Graphic file (type pdf)
 <use images/sin2H.pdf>
Underfull \vbox (badness 10000) has occurred while \output is active []

File: images/etseib.pdf Graphic file (type pdf)

<use images/etseib.pdf> [28 <./images/MinJoint.pdf>]

pdfTeX warning: pdflatex (file ./images/sin5H.pdf): PDF inclusion: found PDF ve
rsion <1.5>, but at most version <1.4> allowed
<images/sin5H.pdf, id=716, 1284.8pt x 963.6pt>
File: images/sin5H.pdf Graphic file (type pdf)
 <use images/sin5H.pdf>
Underfull \vbox (badness 10000) has occurred while \output is active []

File: images/etseib.pdf Graphic file (type pdf)

<use images/etseib.pdf> [29 <./images/sin1H.pdf>]

pdfTeX warning: pdflatex (file ./images/sin10H.pdf): PDF inclusion: found PDF v
ersion <1.5>, but at most version <1.4> allowed
<images/sin10H.pdf, id=1136, 1284.8pt x 963.6pt>
File: images/sin10H.pdf Graphic file (type pdf)
 <use images/sin10H.pdf>
Underfull \vbox (badness 10000) has occurred while \output is active []

File: images/etseib.pdf Graphic file (type pdf)

<use images/etseib.pdf> [30 <./images/sin2H.pdf>]
Underfull \vbox (badness 10000) has occurred while \output is active []

File: images/etseib.pdf Graphic file (type pdf)

<use images/etseib.pdf> [31 <./images/sin5H.pdf>]
Overfull \hbox (6.02968pt too wide) in paragraph at lines 699--699
[]|\OT1/cmr/m/n/12 0.89370012283325| 
 []


Overfull \hbox (6.02968pt too wide) in paragraph at lines 699--699
[]|\OT1/cmr/m/n/12 1.97295999526978| 
 []


Overfull \hbox (6.02968pt too wide) in paragraph at lines 699--699
[]|\OT1/cmr/m/n/12 0.57231998443604| 
 []


Overfull \hbox (6.02968pt too wide) in paragraph at lines 699--699
[]|\OT1/cmr/m/n/12 0.86796998977661| 
 []


Overfull \hbox (6.02968pt too wide) in paragraph at lines 699--699
[]|\OT1/cmr/m/n/12 1.23644995689392| 
 []


Overfull \hbox (6.02968pt too wide) in paragraph at lines 699--699
[]|\OT1/cmr/m/n/12 0.88230991363525| 
 []


Overfull \hbox (6.02968pt too wide) in paragraph at lines 699--699
[]|\OT1/cmr/m/n/12 1.08385014533997| 
 []


Overfull \hbox (6.02968pt too wide) in paragraph at lines 699--699
[]|\OT1/cmr/m/n/12 0.34201002120972| 
 []


Overfull \hbox (6.02968pt too wide) in paragraph at lines 699--699
[]|\OT1/cmr/m/n/12 1.24258995056152| 
 []


Overfull \hbox (6.02968pt too wide) in paragraph at lines 699--699
[]|\OT1/cmr/m/n/12 0.53582000732422| 
 []


Overfull \hbox (6.02968pt too wide) in paragraph at lines 699--699
[]|\OT1/cmr/m/n/12 0.32669997215271| 
 []


Overfull \hbox (6.02968pt too wide) in paragraph at lines 699--699
[]|\OT1/cmr/m/n/12 0.35342001914978| 
 []


Overfull \hbox (6.02968pt too wide) in paragraph at lines 699--699
[]|\OT1/cmr/m/n/12 0.28936004638672| 
 []


Overfull \hbox (6.02968pt too wide) in paragraph at lines 699--699
[]|\OT1/cmr/m/n/12 0.61238980293274| 
 []


Overfull \hbox (6.02968pt too wide) in paragraph at lines 699--699
[]|\OT1/cmr/m/n/12 0.56062984466553| 
 []


Overfull \hbox (6.02968pt too wide) in paragraph at lines 699--699
[]|\OT1/cmr/m/n/12 0.46492981910706| 
 []


Overfull \hbox (6.02968pt too wide) in paragraph at lines 699--699
[]|\OT1/cmr/m/n/12 0.58044004440308| 
 []


Overfull \hbox (6.02968pt too wide) in paragraph at lines 699--699
[]|\OT1/cmr/m/n/12 0.37677979469299| 
 []


Overfull \hbox (6.02968pt too wide) in paragraph at lines 699--699
[]|\OT1/cmr/m/n/12 0.89370012283325| 
 []


Overfull \hbox (6.02968pt too wide) in paragraph at lines 699--699
[]|\OT1/cmr/m/n/12 1.97295999526978| 
 []


Overfull \hbox (6.02968pt too wide) in paragraph at lines 699--699
[]|\OT1/cmr/m/n/12 0.57231998443604| 
 []


Overfull \hbox (6.02968pt too wide) in paragraph at lines 699--699
[]|\OT1/cmr/m/n/12 0.86796998977661| 
 []


Overfull \hbox (6.02968pt too wide) in paragraph at lines 699--699
[]|\OT1/cmr/m/n/12 1.23644995689392| 
 []


Overfull \hbox (6.02968pt too wide) in paragraph at lines 699--699
[]|\OT1/cmr/m/n/12 0.88230991363525| 
 []


Overfull \hbox (6.02968pt too wide) in paragraph at lines 699--699
[]|\OT1/cmr/m/n/12 1.08385014533997| 
 []


Overfull \hbox (6.02968pt too wide) in paragraph at lines 699--699
[]|\OT1/cmr/m/n/12 0.34201002120972| 
 []


Overfull \hbox (6.02968pt too wide) in paragraph at lines 699--699
[]|\OT1/cmr/m/n/12 1.24258995056152| 
 []


Overfull \hbox (6.02968pt too wide) in paragraph at lines 699--699
[]|\OT1/cmr/m/n/12 0.53582000732422| 
 []


Overfull \hbox (6.02968pt too wide) in paragraph at lines 699--699
[]|\OT1/cmr/m/n/12 0.32669997215271| 
 []


Overfull \hbox (6.02968pt too wide) in paragraph at lines 699--699
[]|\OT1/cmr/m/n/12 0.35342001914978| 
 []


Overfull \hbox (6.02968pt too wide) in paragraph at lines 699--699
[]|\OT1/cmr/m/n/12 0.28936004638672| 
 []


Overfull \hbox (6.02968pt too wide) in paragraph at lines 699--699
[]|\OT1/cmr/m/n/12 0.61238980293274| 
 []


Overfull \hbox (6.02968pt too wide) in paragraph at lines 699--699
[]|\OT1/cmr/m/n/12 0.56062984466553| 
 []


Overfull \hbox (6.02968pt too wide) in paragraph at lines 699--699
[]|\OT1/cmr/m/n/12 0.46492981910706| 
 []


Overfull \hbox (6.02968pt too wide) in paragraph at lines 699--699
[]|\OT1/cmr/m/n/12 0.58044004440308| 
 []


Overfull \hbox (6.02968pt too wide) in paragraph at lines 699--699
[]|\OT1/cmr/m/n/12 0.37677979469299| 
 []

File: images/etseib.pdf Graphic file (type pdf)
<use images/etseib.pdf> [32 <./images/sin10H.pdf>]
Underfull \hbox (badness 10000) in paragraph at lines 720--720
[]|\OT1/cmr/bx/n/12 Python amb
 []


Underfull \hbox (badness 10000) in paragraph at lines 720--720
[]|\OT1/cmr/m/n/12 Freq^^?uen-ci-al m^^Raxima
 []


Underfull \hbox (badness 10000) in paragraph at lines 720--720
[]|\OT1/cmr/m/n/12 Freq^^?uen-ci-al mit-ja-na
 []


Underfull \hbox (badness 5022) in paragraph at lines 720--720
[]|\OT1/cmr/m/n/12 Congelacions de les
 []


Underfull \hbox (badness 10000) in paragraph at lines 720--720
[]|\OT1/cmr/m/n/12 Seguiment de tra-
 []


Underfull \hbox (badness 10000) in paragraph at lines 720--720
[]|\OT1/cmr/bx/n/12 Python amb
 []


Underfull \hbox (badness 10000) in paragraph at lines 720--720
[]|\OT1/cmr/m/n/12 Freq^^?uen-ci-al m^^Raxima
 []


Underfull \hbox (badness 10000) in paragraph at lines 720--720
[]|\OT1/cmr/m/n/12 Freq^^?uen-ci-al mit-ja-na
 []


Underfull \hbox (badness 5022) in paragraph at lines 720--720
[]|\OT1/cmr/m/n/12 Congelacions de les
 []


Underfull \hbox (badness 10000) in paragraph at lines 720--720
[]|\OT1/cmr/m/n/12 Seguiment de tra-
 []


Underfull \vbox (badness 10000) has occurred while \output is active []

File: images/etseib.pdf Graphic file (type pdf)

<use images/etseib.pdf> [33]
File: images/etseib.pdf Graphic file (type pdf)
 <use images/etseib.pdf> [34]

pdfTeX warning: pdflatex (file ./images/aiboserver.pdf): PDF inclusion: found P
DF version <1.5>, but at most version <1.4> allowed
<images/aiboserver.pdf, id=2674, 241.84842pt x 153.64488pt>
File: images/aiboserver.pdf Graphic file (type pdf)

<use images/aiboserver.pdf>
File: images/etseib.pdf Graphic file (type pdf)
 <use images/etseib.pdf> [35 <./images/aiboserver.pdf>]

LaTeX Warning: Reference `aiboserver' on page 36 undefined on input line 783.



pdfTeX warning: pdflatex (file ./images/Aibo_Server.pdf): PDF inclusion: found 
PDF version <1.5>, but at most version <1.4> allowed
<images/Aibo_Server.pdf, id=2690, 1284.8pt x 963.6pt>
File: images/Aibo_Server.pdf Graphic file (type pdf)

<use images/Aibo_Server.pdf>
File: images/etseib.pdf Graphic file (type pdf)
 <use images/etseib.pdf> [36]
File: images/etseib.pdf Graphic file (type pdf)

<use images/etseib.pdf> [37 <./images/Aibo_Server.pdf>]
File: images/Aibo_Server.pdf Graphic file (type pdf)

<use images/Aibo_Server.pdf>
Underfull \vbox (badness 10000) has occurred while \output is active []

File: images/etseib.pdf Graphic file (type pdf)

<use images/etseib.pdf> [38]
File: images/etseib.pdf Graphic file (type pdf)
 <use images/etseib.pdf> [39]
File: images/etseib.pdf Graphic file (type pdf)

<use images/etseib.pdf> [40]
File: images/etseib.pdf Graphic file (type pdf)
 <use images/etseib.pdf> [41

]
File: images/etseib.pdf Graphic file (type pdf)

<use images/etseib.pdf> [42]
(/usr/share/texmf-texlive/tex/latex/listings/lstlang1.sty
File: lstlang1.sty 2004/09/05 1.3 listings language file
)
(/usr/share/texmf-texlive/tex/latex/listings/lstlang1.sty
File: lstlang1.sty 2004/09/05 1.3 listings language file
)
(/usr/share/texmf-texlive/tex/latex/listings/lstmisc.sty
File: lstmisc.sty 2007/02/22 1.4 (Carsten Heinz)
)
(./src/getDataOneLeg/getDataC++/getData.cpp
LaTeX Font Info:    Try loading font information for OML+cmr on input line 2.

(/usr/share/texmf-texlive/tex/latex/base/omlcmr.fd
File: omlcmr.fd 1999/05/25 v2.5h Standard LaTeX font definitions
)
LaTeX Font Info:    Font shape `OML/cmr/m/n' in size <10> not available
(Font)              Font shape `OML/cmm/m/it' tried instead on input line 2.
LaTeX Font Info:    Font shape `OMS/cmr/m/n' in size <10> not available
(Font)              Font shape `OMS/cmsy/m/n' tried instead on input line 12.
File: images/etseib.pdf Graphic file (type pdf)
 <use images/etseib.pdf>
[43

]) (/usr/share/texmf-texlive/tex/latex/listings/lstlang1.sty
File: lstlang1.sty 2004/09/05 1.3 listings language file
)
Underfull \vbox (badness 10000) has occurred while \output is active []

File: images/etseib.pdf Graphic file (type pdf)

<use images/etseib.pdf> [44] (./src/getDataOneLeg/getDataPython/getData.py
File: images/etseib.pdf Graphic file (type pdf)

<use images/etseib.pdf> [45])
File: images/etseib.pdf Graphic file (type pdf)
 <use images/etseib.pdf> [46] (./memoria.aux)

LaTeX Warning: There were undefined references.


LaTeX Warning: Label(s) may have changed. Rerun to get cross-references right.

 ) 
Here is how much of TeX's memory you used:
 10906 strings out of 493848
 151184 string characters out of 1152822
 517453 words of memory out of 3000000
 13626 multiletter control sequences out of 15000+50000
 15652 words of font info for 60 fonts, out of 3000000 for 9000
 714 hyphenation exceptions out of 8191
 38i,16n,61p,1115b,1984s stack positions out of 5000i,500n,10000p,200000b,50000s
pdfTeX warning (dest): name{Hfootnote.25} has been referenced but does not ex
ist, replaced by a fixed one

pdfTeX warning (dest): name{Hfootnote.24} has been referenced but does not exis
t, replaced by a fixed one

pdfTeX warning (dest): name{Hfootnote.23} has been referenced but does not exis
t, replaced by a fixed one

pdfTeX warning (dest): name{Hfootnote.22} has been referenced but does not exis
t, replaced by a fixed one

pdfTeX warning (dest): name{Hfootnote.21} has been referenced but does not exis
t, replaced by a fixed one

pdfTeX warning (dest): name{Hfootnote.20} has been referenced but does not exis
t, replaced by a fixed one

pdfTeX warning (dest): name{Hfootnote.19} has been referenced but does not exis
t, replaced by a fixed one

pdfTeX warning (dest): name{Hfootnote.18} has been referenced but does not exis
t, replaced by a fixed one

pdfTeX warning (dest): name{Hfootnote.17} has been referenced but does not exis
t, replaced by a fixed one

pdfTeX warning (dest): name{Hfootnote.16} has been referenced but does not exis
t, replaced by a fixed one

pdfTeX warning (dest): name{Hfootnote.15} has been referenced but does not exis
t, replaced by a fixed one

pdfTeX warning (dest): name{Hfootnote.14} has been referenced but does not exis
t, replaced by a fixed one

pdfTeX warning (dest): name{Hfootnote.13} has been referenced but does not exis
t, replaced by a fixed one

pdfTeX warning (dest): name{Hfootnote.12} has been referenced but does not exis
t, replaced by a fixed one

pdfTeX warning (dest): name{Hfootnote.11} has been referenced but does not exis
t, replaced by a fixed one

pdfTeX warning (dest): name{Hfootnote.10} has been referenced but does not exis
t, replaced by a fixed one

pdfTeX warning (dest): name{Hfootnote.9} has been referenced but does not exist
, replaced by a fixed one

pdfTeX warning (dest): name{Hfootnote.8} has been referenced but does not exist
, replaced by a fixed one

pdfTeX warning (dest): name{Hfootnote.7} has been referenced but does not exist
, replaced by a fixed one

pdfTeX warning (dest): name{Hfootnote.6} has been referenced but does not exist
, replaced by a fixed one

pdfTeX warning (dest): name{Hfootnote.5} has been referenced but does not exist
, replaced by a fixed one

pdfTeX warning (dest): name{Hfootnote.4} has been referenced but does not exist
, replaced by a fixed one

pdfTeX warning (dest): name{Hfootnote.3} has been referenced but does not exist
, replaced by a fixed one

pdfTeX warning (dest): name{Hfootnote.2} has been referenced but does not exist
, replaced by a fixed one

pdfTeX warning (dest): name{Hfootnote.1} has been referenced but does not exist
, replaced by a fixed one

pdfTeX warning (dest): name{section.6} has been referenced but does not exist, 
replaced by a fixed one

pdfTeX warning (dest): name{subsection.5.3} has been referenced but does not ex
ist, replaced by a fixed one

</usr/share/texmf-texlive/fonts/type1/public/amsfonts/cm/cmbx10.pfb></usr/share
/texmf-texlive/fonts/type1/public/amsfonts/cm/cmbx12.pfb></usr/share/texmf-texl
ive/fonts/type1/public/amsfonts/cm/cmmi10.pfb></usr/share/texmf-texlive/fonts/t
ype1/public/amsfonts/cm/cmr10.pfb></usr/share/texmf-texlive/fonts/type1/public/
amsfonts/cm/cmr12.pfb></usr/share/texmf-texlive/fonts/type1/public/amsfonts/cm/
cmr17.pfb></usr/share/texmf-texlive/fonts/type1/public/amsfonts/cm/cmr6.pfb></u
sr/share/texmf-texlive/fonts/type1/public/amsfonts/cm/cmr7.pfb></usr/share/texm
f-texlive/fonts/type1/public/amsfonts/cm/cmr8.pfb></usr/share/texmf-texlive/fon
ts/type1/public/amsfonts/cm/cmsy10.pfb></usr/share/texmf-texlive/fonts/type1/pu
blic/amsfonts/cm/cmti10.pfb></usr/share/texmf-texlive/fonts/type1/public/amsfon
ts/cm/cmti12.pfb></usr/share/texmf-texlive/fonts/type1/public/amsfonts/cm/cmtt1
0.pfb></usr/share/texmf-texlive/fonts/type1/public/amsfonts/cm/cmtt12.pfb>
Output written on memoria.pdf (48 pages, 5093916 bytes).
PDF statistics:
 3015 PDF objects out of 3580 (max. 8388607)
 304 named destinations out of 1000 (max. 500000)
 515 words of extra memory for PDF output out of 10000 (max. 10000000)

